This is e-pTeX, Version 3.14159265-p3.7.1-160201-2.6 (utf8.sjis) (TeX Live 2016/W32TeX) (preloaded format=platex 2016.7.2)  25 JAN 2017 00:52
entering extended mode
 restricted \write18 enabled.
 %&-line parsing enabled.
**./3.tex
(./3.tex
pLaTeX2e <2016/07/01> (based on LaTeX2e <2016/03/31> patch level 2)
Babel <3.9r> and hyphenation patterns for 83 language(s) loaded.
! Undefined control sequence.
l.2 \chapter
            {MZIVMMを構成する光素子の動作原理と雑音}
? 
! Emergency stop.
l.2 \chapter
            {MZIVMMを構成する光素子の動作原理と雑音}
End of file on the terminal!

 
Here is how much of TeX's memory you used:
 5 strings out of 493683
 21 string characters out of 6151537
 54054 words of memory out of 5000000
 3671 multiletter control sequences out of 15000+600000
 7511 words of font info for 31 fonts, out of 8000000 for 9000
 929 hyphenation exceptions out of 8191
 5i,0n,3p,58b,8s stack positions out of 5000i,500n,10000p,500000b,80000s
No pages of output.
